<?xml version="1.0" encoding="UTF-8"?>
<testng-results ignored="0" total="54" passed="54" failed="0" skipped="0">
  <reporter-output>
  </reporter-output>
  <suite started-at="2023-02-08T21:49:07 CST" name="Default suite" finished-at="2023-02-08T21:50:32 CST" duration-ms="84309">
    <groups>
      <group name="cucumber">
        <method signature="AbstractTestNGCucumberTests.runScenario(io.cucumber.testng.PickleWrapper,io.cucumber.testng.FeatureWrapper)[pri:0, instance:runner.TestRunner@34f22f9d]" name="runScenario" class="io.cucumber.testng.AbstractTestNGCucumberTests"/>
      </group> <!-- cucumber -->
    </groups>
    <test started-at="2023-02-08T21:49:07 CST" name="Default test" finished-at="2023-02-08T21:50:32 CST" duration-ms="84309">
      <class name="runner.TestRunner">
        <test-method is-config="true" signature="setUpClass(org.testng.ITestContext)[pri:0, instance:runner.TestRunner@34f22f9d]" started-at="2023-02-08T21:49:07 CST" name="setUpClass" finished-at="2023-02-08T21:49:12 CST" duration-ms="5012" status="PASS">
          <params>
            <param index="0">
              <value>
                <![CDATA[org.testng.TestRunner@6a4940e1]]>
              </value>
            </param>
          </params>
          <reporter-output>
          </reporter-output>
        </test-method> <!-- setUpClass -->
        <test-method signature="runScenario(io.cucumber.testng.PickleWrapper,io.cucumber.testng.FeatureWrapper)[pri:0, instance:runner.TestRunner@34f22f9d]" started-at="2023-02-08T21:49:12 CST" name="runScenario" description="Runs Cucumber Scenarios" data-provider="scenarios" finished-at="2023-02-08T21:49:16 CST" duration-ms="3774" status="PASS">
          <params>
            <param index="0">
              <value>
                <![CDATA["launch the home page of dsalgo portal"]]>
              </value>
            </param>
            <param index="1">
              <value>
                <![CDATA["Launch Start page and Test Home Page"]]>
              </value>
            </param>
          </params>
          <reporter-output>
          </reporter-output>
        </test-method> <!-- runScenario -->
        <test-method signature="runScenario(io.cucumber.testng.PickleWrapper,io.cucumber.testng.FeatureWrapper)[pri:0, instance:runner.TestRunner@34f22f9d]" started-at="2023-02-08T21:49:16 CST" name="runScenario" description="Runs Cucumber Scenarios" data-provider="scenarios" finished-at="2023-02-08T21:49:17 CST" duration-ms="571" status="PASS">
          <params>
            <param index="0">
              <value>
                <![CDATA["User is on Home Page and clicks on any dropdown "Arrays" without sign in"]]>
              </value>
            </param>
            <param index="1">
              <value>
                <![CDATA["Launch Start page and Test Home Page"]]>
              </value>
            </param>
          </params>
          <reporter-output>
          </reporter-output>
        </test-method> <!-- runScenario -->
        <test-method signature="runScenario(io.cucumber.testng.PickleWrapper,io.cucumber.testng.FeatureWrapper)[pri:0, instance:runner.TestRunner@34f22f9d]" started-at="2023-02-08T21:49:17 CST" name="runScenario" description="Runs Cucumber Scenarios" data-provider="scenarios" finished-at="2023-02-08T21:49:17 CST" duration-ms="486" status="PASS">
          <params>
            <param index="0">
              <value>
                <![CDATA["User is on Home Page and clicks on any dropdown "Linked List" without sign in"]]>
              </value>
            </param>
            <param index="1">
              <value>
                <![CDATA["Launch Start page and Test Home Page"]]>
              </value>
            </param>
          </params>
          <reporter-output>
          </reporter-output>
        </test-method> <!-- runScenario -->
        <test-method signature="runScenario(io.cucumber.testng.PickleWrapper,io.cucumber.testng.FeatureWrapper)[pri:0, instance:runner.TestRunner@34f22f9d]" started-at="2023-02-08T21:49:17 CST" name="runScenario" description="Runs Cucumber Scenarios" data-provider="scenarios" finished-at="2023-02-08T21:49:18 CST" duration-ms="504" status="PASS">
          <params>
            <param index="0">
              <value>
                <![CDATA["User is on Home Page and clicks on any dropdown "Stack" without sign in"]]>
              </value>
            </param>
            <param index="1">
              <value>
                <![CDATA["Launch Start page and Test Home Page"]]>
              </value>
            </param>
          </params>
          <reporter-output>
          </reporter-output>
        </test-method> <!-- runScenario -->
        <test-method signature="runScenario(io.cucumber.testng.PickleWrapper,io.cucumber.testng.FeatureWrapper)[pri:0, instance:runner.TestRunner@34f22f9d]" started-at="2023-02-08T21:49:18 CST" name="runScenario" description="Runs Cucumber Scenarios" data-provider="scenarios" finished-at="2023-02-08T21:49:18 CST" duration-ms="487" status="PASS">
          <params>
            <param index="0">
              <value>
                <![CDATA["User is on Home Page and clicks on any dropdown "Queue" without sign in"]]>
              </value>
            </param>
            <param index="1">
              <value>
                <![CDATA["Launch Start page and Test Home Page"]]>
              </value>
            </param>
          </params>
          <reporter-output>
          </reporter-output>
        </test-method> <!-- runScenario -->
        <test-method signature="runScenario(io.cucumber.testng.PickleWrapper,io.cucumber.testng.FeatureWrapper)[pri:0, instance:runner.TestRunner@34f22f9d]" started-at="2023-02-08T21:49:18 CST" name="runScenario" description="Runs Cucumber Scenarios" data-provider="scenarios" finished-at="2023-02-08T21:49:19 CST" duration-ms="497" status="PASS">
          <params>
            <param index="0">
              <value>
                <![CDATA["User is on Home Page and clicks on any dropdown "Tree" without sign in"]]>
              </value>
            </param>
            <param index="1">
              <value>
                <![CDATA["Launch Start page and Test Home Page"]]>
              </value>
            </param>
          </params>
          <reporter-output>
          </reporter-output>
        </test-method> <!-- runScenario -->
        <test-method signature="runScenario(io.cucumber.testng.PickleWrapper,io.cucumber.testng.FeatureWrapper)[pri:0, instance:runner.TestRunner@34f22f9d]" started-at="2023-02-08T21:49:19 CST" name="runScenario" description="Runs Cucumber Scenarios" data-provider="scenarios" finished-at="2023-02-08T21:49:19 CST" duration-ms="494" status="PASS">
          <params>
            <param index="0">
              <value>
                <![CDATA["User is on Home Page and clicks on any dropdown "Graph" without sign in"]]>
              </value>
            </param>
            <param index="1">
              <value>
                <![CDATA["Launch Start page and Test Home Page"]]>
              </value>
            </param>
          </params>
          <reporter-output>
          </reporter-output>
        </test-method> <!-- runScenario -->
        <test-method signature="runScenario(io.cucumber.testng.PickleWrapper,io.cucumber.testng.FeatureWrapper)[pri:0, instance:runner.TestRunner@34f22f9d]" started-at="2023-02-08T21:49:19 CST" name="runScenario" description="Runs Cucumber Scenarios" data-provider="scenarios" finished-at="2023-02-08T21:49:20 CST" duration-ms="458" status="PASS">
          <params>
            <param index="0">
              <value>
                <![CDATA["User is on Home Page and clicks on any getStarted link "Data Structures-Introduction" without sign in"]]>
              </value>
            </param>
            <param index="1">
              <value>
                <![CDATA["Launch Start page and Test Home Page"]]>
              </value>
            </param>
          </params>
          <reporter-output>
          </reporter-output>
        </test-method> <!-- runScenario -->
        <test-method signature="runScenario(io.cucumber.testng.PickleWrapper,io.cucumber.testng.FeatureWrapper)[pri:0, instance:runner.TestRunner@34f22f9d]" started-at="2023-02-08T21:49:20 CST" name="runScenario" description="Runs Cucumber Scenarios" data-provider="scenarios" finished-at="2023-02-08T21:49:20 CST" duration-ms="420" status="PASS">
          <params>
            <param index="0">
              <value>
                <![CDATA["User is on Home Page and clicks on any getStarted link "Arrays" without sign in"]]>
              </value>
            </param>
            <param index="1">
              <value>
                <![CDATA["Launch Start page and Test Home Page"]]>
              </value>
            </param>
          </params>
          <reporter-output>
          </reporter-output>
        </test-method> <!-- runScenario -->
        <test-method signature="runScenario(io.cucumber.testng.PickleWrapper,io.cucumber.testng.FeatureWrapper)[pri:0, instance:runner.TestRunner@34f22f9d]" started-at="2023-02-08T21:49:20 CST" name="runScenario" description="Runs Cucumber Scenarios" data-provider="scenarios" finished-at="2023-02-08T21:49:21 CST" duration-ms="412" status="PASS">
          <params>
            <param index="0">
              <value>
                <![CDATA["User is on Home Page and clicks on any getStarted link "Linked List" without sign in"]]>
              </value>
            </param>
            <param index="1">
              <value>
                <![CDATA["Launch Start page and Test Home Page"]]>
              </value>
            </param>
          </params>
          <reporter-output>
          </reporter-output>
        </test-method> <!-- runScenario -->
        <test-method signature="runScenario(io.cucumber.testng.PickleWrapper,io.cucumber.testng.FeatureWrapper)[pri:0, instance:runner.TestRunner@34f22f9d]" started-at="2023-02-08T21:49:21 CST" name="runScenario" description="Runs Cucumber Scenarios" data-provider="scenarios" finished-at="2023-02-08T21:49:21 CST" duration-ms="435" status="PASS">
          <params>
            <param index="0">
              <value>
                <![CDATA["User is on Home Page and clicks on any getStarted link "Stack" without sign in"]]>
              </value>
            </param>
            <param index="1">
              <value>
                <![CDATA["Launch Start page and Test Home Page"]]>
              </value>
            </param>
          </params>
          <reporter-output>
          </reporter-output>
        </test-method> <!-- runScenario -->
        <test-method signature="runScenario(io.cucumber.testng.PickleWrapper,io.cucumber.testng.FeatureWrapper)[pri:0, instance:runner.TestRunner@34f22f9d]" started-at="2023-02-08T21:49:21 CST" name="runScenario" description="Runs Cucumber Scenarios" data-provider="scenarios" finished-at="2023-02-08T21:49:21 CST" duration-ms="437" status="PASS">
          <params>
            <param index="0">
              <value>
                <![CDATA["User is on Home Page and clicks on any getStarted link "Queue" without sign in"]]>
              </value>
            </param>
            <param index="1">
              <value>
                <![CDATA["Launch Start page and Test Home Page"]]>
              </value>
            </param>
          </params>
          <reporter-output>
          </reporter-output>
        </test-method> <!-- runScenario -->
        <test-method signature="runScenario(io.cucumber.testng.PickleWrapper,io.cucumber.testng.FeatureWrapper)[pri:0, instance:runner.TestRunner@34f22f9d]" started-at="2023-02-08T21:49:22 CST" name="runScenario" description="Runs Cucumber Scenarios" data-provider="scenarios" finished-at="2023-02-08T21:49:22 CST" duration-ms="766" status="PASS">
          <params>
            <param index="0">
              <value>
                <![CDATA["User is on Home Page and clicks on any getStarted link "Tree" without sign in"]]>
              </value>
            </param>
            <param index="1">
              <value>
                <![CDATA["Launch Start page and Test Home Page"]]>
              </value>
            </param>
          </params>
          <reporter-output>
          </reporter-output>
        </test-method> <!-- runScenario -->
        <test-method signature="runScenario(io.cucumber.testng.PickleWrapper,io.cucumber.testng.FeatureWrapper)[pri:0, instance:runner.TestRunner@34f22f9d]" started-at="2023-02-08T21:49:22 CST" name="runScenario" description="Runs Cucumber Scenarios" data-provider="scenarios" finished-at="2023-02-08T21:49:23 CST" duration-ms="387" status="PASS">
          <params>
            <param index="0">
              <value>
                <![CDATA["User is on Home Page and clicks on any getStarted link "Graph" without sign in"]]>
              </value>
            </param>
            <param index="1">
              <value>
                <![CDATA["Launch Start page and Test Home Page"]]>
              </value>
            </param>
          </params>
          <reporter-output>
          </reporter-output>
        </test-method> <!-- runScenario -->
        <test-method signature="runScenario(io.cucumber.testng.PickleWrapper,io.cucumber.testng.FeatureWrapper)[pri:0, instance:runner.TestRunner@34f22f9d]" started-at="2023-02-08T21:49:23 CST" name="runScenario" description="Runs Cucumber Scenarios" data-provider="scenarios" finished-at="2023-02-08T21:49:23 CST" duration-ms="330" status="PASS">
          <params>
            <param index="0">
              <value>
                <![CDATA["User is on Home page and Clicks on Signin"]]>
              </value>
            </param>
            <param index="1">
              <value>
                <![CDATA["Launch Start page and Test Home Page"]]>
              </value>
            </param>
          </params>
          <reporter-output>
          </reporter-output>
        </test-method> <!-- runScenario -->
        <test-method signature="runScenario(io.cucumber.testng.PickleWrapper,io.cucumber.testng.FeatureWrapper)[pri:0, instance:runner.TestRunner@34f22f9d]" started-at="2023-02-08T21:49:23 CST" name="runScenario" description="Runs Cucumber Scenarios" data-provider="scenarios" finished-at="2023-02-08T21:49:23 CST" duration-ms="359" status="PASS">
          <params>
            <param index="0">
              <value>
                <![CDATA["User is on Home page and Clicks on Register"]]>
              </value>
            </param>
            <param index="1">
              <value>
                <![CDATA["Launch Start page and Test Home Page"]]>
              </value>
            </param>
          </params>
          <reporter-output>
          </reporter-output>
        </test-method> <!-- runScenario -->
        <test-method signature="runScenario(io.cucumber.testng.PickleWrapper,io.cucumber.testng.FeatureWrapper)[pri:0, instance:runner.TestRunner@34f22f9d]" started-at="2023-02-08T21:49:23 CST" name="runScenario" description="Runs Cucumber Scenarios" data-provider="scenarios" finished-at="2023-02-08T21:49:24 CST" duration-ms="316" status="PASS">
          <params>
            <param index="0">
              <value>
                <![CDATA["Redirect to Register page"]]>
              </value>
            </param>
            <param index="1">
              <value>
                <![CDATA["Login Action"]]>
              </value>
            </param>
          </params>
          <reporter-output>
          </reporter-output>
        </test-method> <!-- runScenario -->
        <test-method signature="runScenario(io.cucumber.testng.PickleWrapper,io.cucumber.testng.FeatureWrapper)[pri:0, instance:runner.TestRunner@34f22f9d]" started-at="2023-02-08T21:49:24 CST" name="runScenario" description="Runs Cucumber Scenarios" data-provider="scenarios" finished-at="2023-02-08T21:49:24 CST" duration-ms="268" status="PASS">
          <params>
            <param index="0">
              <value>
                <![CDATA["To verify SignIn with Empty fields"]]>
              </value>
            </param>
            <param index="1">
              <value>
                <![CDATA["Login Action"]]>
              </value>
            </param>
          </params>
          <reporter-output>
          </reporter-output>
        </test-method> <!-- runScenario -->
        <test-method signature="runScenario(io.cucumber.testng.PickleWrapper,io.cucumber.testng.FeatureWrapper)[pri:0, instance:runner.TestRunner@34f22f9d]" started-at="2023-02-08T21:49:24 CST" name="runScenario" description="Runs Cucumber Scenarios" data-provider="scenarios" finished-at="2023-02-08T21:49:24 CST" duration-ms="192" status="PASS">
          <params>
            <param index="0">
              <value>
                <![CDATA["To verify SignIn with username only"]]>
              </value>
            </param>
            <param index="1">
              <value>
                <![CDATA["Login Action"]]>
              </value>
            </param>
          </params>
          <reporter-output>
          </reporter-output>
        </test-method> <!-- runScenario -->
        <test-method signature="runScenario(io.cucumber.testng.PickleWrapper,io.cucumber.testng.FeatureWrapper)[pri:0, instance:runner.TestRunner@34f22f9d]" started-at="2023-02-08T21:49:24 CST" name="runScenario" description="Runs Cucumber Scenarios" data-provider="scenarios" finished-at="2023-02-08T21:49:24 CST" duration-ms="192" status="PASS">
          <params>
            <param index="0">
              <value>
                <![CDATA["To verify SignIn with password only"]]>
              </value>
            </param>
            <param index="1">
              <value>
                <![CDATA["Login Action"]]>
              </value>
            </param>
          </params>
          <reporter-output>
          </reporter-output>
        </test-method> <!-- runScenario -->
        <test-method signature="runScenario(io.cucumber.testng.PickleWrapper,io.cucumber.testng.FeatureWrapper)[pri:0, instance:runner.TestRunner@34f22f9d]" started-at="2023-02-08T21:49:24 CST" name="runScenario" description="Runs Cucumber Scenarios" data-provider="scenarios" finished-at="2023-02-08T21:49:25 CST" duration-ms="520" status="PASS">
          <params>
            <param index="0">
              <value>
                <![CDATA["To verify SignIn with invalid "abcdefgh" and "zxyu1234""]]>
              </value>
            </param>
            <param index="1">
              <value>
                <![CDATA["Login Action"]]>
              </value>
            </param>
          </params>
          <reporter-output>
          </reporter-output>
        </test-method> <!-- runScenario -->
        <test-method signature="runScenario(io.cucumber.testng.PickleWrapper,io.cucumber.testng.FeatureWrapper)[pri:0, instance:runner.TestRunner@34f22f9d]" started-at="2023-02-08T21:49:25 CST" name="runScenario" description="Runs Cucumber Scenarios" data-provider="scenarios" finished-at="2023-02-08T21:49:26 CST" duration-ms="1309" status="PASS">
          <params>
            <param index="0">
              <value>
                <![CDATA["User  Login with  valid "<username>" and "<password>""]]>
              </value>
            </param>
            <param index="1">
              <value>
                <![CDATA["Login Action"]]>
              </value>
            </param>
          </params>
          <reporter-output>
          </reporter-output>
        </test-method> <!-- runScenario -->
        <test-method signature="runScenario(io.cucumber.testng.PickleWrapper,io.cucumber.testng.FeatureWrapper)[pri:0, instance:runner.TestRunner@34f22f9d]" started-at="2023-02-08T21:49:26 CST" name="runScenario" description="Runs Cucumber Scenarios" data-provider="scenarios" finished-at="2023-02-08T21:49:26 CST" duration-ms="271" status="PASS">
          <params>
            <param index="0">
              <value>
                <![CDATA["Successful LogOut"]]>
              </value>
            </param>
            <param index="1">
              <value>
                <![CDATA["Login Action"]]>
              </value>
            </param>
          </params>
          <reporter-output>
          </reporter-output>
        </test-method> <!-- runScenario -->
        <test-method signature="runScenario(io.cucumber.testng.PickleWrapper,io.cucumber.testng.FeatureWrapper)[pri:0, instance:runner.TestRunner@34f22f9d]" started-at="2023-02-08T21:49:26 CST" name="runScenario" description="Runs Cucumber Scenarios" data-provider="scenarios" finished-at="2023-02-08T21:49:31 CST" duration-ms="4710" status="PASS">
          <params>
            <param index="0">
              <value>
                <![CDATA["User is clicks on datastructure page"]]>
              </value>
            </param>
            <param index="1">
              <value>
                <![CDATA["Data Structure page validation dsalgo"]]>
              </value>
            </param>
          </params>
          <reporter-output>
          </reporter-output>
        </test-method> <!-- runScenario -->
        <test-method signature="runScenario(io.cucumber.testng.PickleWrapper,io.cucumber.testng.FeatureWrapper)[pri:0, instance:runner.TestRunner@34f22f9d]" started-at="2023-02-08T21:49:31 CST" name="runScenario" description="Runs Cucumber Scenarios" data-provider="scenarios" finished-at="2023-02-08T21:49:32 CST" duration-ms="1341" status="PASS">
          <params>
            <param index="0">
              <value>
                <![CDATA["User navigated to "linked list" page"]]>
              </value>
            </param>
            <param index="1">
              <value>
                <![CDATA["Linked List page validation dsalgo"]]>
              </value>
            </param>
          </params>
          <reporter-output>
          </reporter-output>
        </test-method> <!-- runScenario -->
        <test-method signature="runScenario(io.cucumber.testng.PickleWrapper,io.cucumber.testng.FeatureWrapper)[pri:0, instance:runner.TestRunner@34f22f9d]" started-at="2023-02-08T21:49:32 CST" name="runScenario" description="Runs Cucumber Scenarios" data-provider="scenarios" finished-at="2023-02-08T21:49:34 CST" duration-ms="1596" status="PASS">
          <params>
            <param index="0">
              <value>
                <![CDATA["User navigated to "Introduction" page"]]>
              </value>
            </param>
            <param index="1">
              <value>
                <![CDATA["Linked List page validation dsalgo"]]>
              </value>
            </param>
          </params>
          <reporter-output>
          </reporter-output>
        </test-method> <!-- runScenario -->
        <test-method signature="runScenario(io.cucumber.testng.PickleWrapper,io.cucumber.testng.FeatureWrapper)[pri:0, instance:runner.TestRunner@34f22f9d]" started-at="2023-02-08T21:49:34 CST" name="runScenario" description="Runs Cucumber Scenarios" data-provider="scenarios" finished-at="2023-02-08T21:49:36 CST" duration-ms="1495" status="PASS">
          <params>
            <param index="0">
              <value>
                <![CDATA["User navigated to tryEditor page with Run button from Introduction page"]]>
              </value>
            </param>
            <param index="1">
              <value>
                <![CDATA["Linked List page validation dsalgo"]]>
              </value>
            </param>
          </params>
          <reporter-output>
          </reporter-output>
        </test-method> <!-- runScenario -->
        <test-method signature="runScenario(io.cucumber.testng.PickleWrapper,io.cucumber.testng.FeatureWrapper)[pri:0, instance:runner.TestRunner@34f22f9d]" started-at="2023-02-08T21:49:36 CST" name="runScenario" description="Runs Cucumber Scenarios" data-provider="scenarios" finished-at="2023-02-08T21:49:38 CST" duration-ms="2366" status="PASS">
          <params>
            <param index="0">
              <value>
                <![CDATA["User run the code in tryEditor with valid input for Introduction page"]]>
              </value>
            </param>
            <param index="1">
              <value>
                <![CDATA["Linked List page validation dsalgo"]]>
              </value>
            </param>
          </params>
          <reporter-output>
          </reporter-output>
        </test-method> <!-- runScenario -->
        <test-method signature="runScenario(io.cucumber.testng.PickleWrapper,io.cucumber.testng.FeatureWrapper)[pri:0, instance:runner.TestRunner@34f22f9d]" started-at="2023-02-08T21:49:38 CST" name="runScenario" description="Runs Cucumber Scenarios" data-provider="scenarios" finished-at="2023-02-08T21:49:40 CST" duration-ms="2356" status="PASS">
          <params>
            <param index="0">
              <value>
                <![CDATA["The user getting error message with invalid python code for Introduction page"]]>
              </value>
            </param>
            <param index="1">
              <value>
                <![CDATA["Linked List page validation dsalgo"]]>
              </value>
            </param>
          </params>
          <reporter-output>
          </reporter-output>
        </test-method> <!-- runScenario -->
        <test-method signature="runScenario(io.cucumber.testng.PickleWrapper,io.cucumber.testng.FeatureWrapper)[pri:0, instance:runner.TestRunner@34f22f9d]" started-at="2023-02-08T21:49:40 CST" name="runScenario" description="Runs Cucumber Scenarios" data-provider="scenarios" finished-at="2023-02-08T21:49:42 CST" duration-ms="1844" status="PASS">
          <params>
            <param index="0">
              <value>
                <![CDATA["User navigated to "creating linked list" page"]]>
              </value>
            </param>
            <param index="1">
              <value>
                <![CDATA["Linked List page validation dsalgo"]]>
              </value>
            </param>
          </params>
          <reporter-output>
          </reporter-output>
        </test-method> <!-- runScenario -->
        <test-method signature="runScenario(io.cucumber.testng.PickleWrapper,io.cucumber.testng.FeatureWrapper)[pri:0, instance:runner.TestRunner@34f22f9d]" started-at="2023-02-08T21:49:42 CST" name="runScenario" description="Runs Cucumber Scenarios" data-provider="scenarios" finished-at="2023-02-08T21:49:44 CST" duration-ms="1504" status="PASS">
          <params>
            <param index="0">
              <value>
                <![CDATA["User navigated to tryEditor page with Run button from Creating a Linked List page"]]>
              </value>
            </param>
            <param index="1">
              <value>
                <![CDATA["Linked List page validation dsalgo"]]>
              </value>
            </param>
          </params>
          <reporter-output>
          </reporter-output>
        </test-method> <!-- runScenario -->
        <test-method signature="runScenario(io.cucumber.testng.PickleWrapper,io.cucumber.testng.FeatureWrapper)[pri:0, instance:runner.TestRunner@34f22f9d]" started-at="2023-02-08T21:49:44 CST" name="runScenario" description="Runs Cucumber Scenarios" data-provider="scenarios" finished-at="2023-02-08T21:49:46 CST" duration-ms="2296" status="PASS">
          <params>
            <param index="0">
              <value>
                <![CDATA["User run the code in tryEditor with valid input for Creating a Linked List page"]]>
              </value>
            </param>
            <param index="1">
              <value>
                <![CDATA["Linked List page validation dsalgo"]]>
              </value>
            </param>
          </params>
          <reporter-output>
          </reporter-output>
        </test-method> <!-- runScenario -->
        <test-method signature="runScenario(io.cucumber.testng.PickleWrapper,io.cucumber.testng.FeatureWrapper)[pri:0, instance:runner.TestRunner@34f22f9d]" started-at="2023-02-08T21:49:46 CST" name="runScenario" description="Runs Cucumber Scenarios" data-provider="scenarios" finished-at="2023-02-08T21:49:48 CST" duration-ms="2295" status="PASS">
          <params>
            <param index="0">
              <value>
                <![CDATA["The user getting error message with invalid python code for Creating a Linked List page"]]>
              </value>
            </param>
            <param index="1">
              <value>
                <![CDATA["Linked List page validation dsalgo"]]>
              </value>
            </param>
          </params>
          <reporter-output>
          </reporter-output>
        </test-method> <!-- runScenario -->
        <test-method signature="runScenario(io.cucumber.testng.PickleWrapper,io.cucumber.testng.FeatureWrapper)[pri:0, instance:runner.TestRunner@34f22f9d]" started-at="2023-02-08T21:49:48 CST" name="runScenario" description="Runs Cucumber Scenarios" data-provider="scenarios" finished-at="2023-02-08T21:49:50 CST" duration-ms="1565" status="PASS">
          <params>
            <param index="0">
              <value>
                <![CDATA["User navigated to "Types of linked list" page"]]>
              </value>
            </param>
            <param index="1">
              <value>
                <![CDATA["Linked List page validation dsalgo"]]>
              </value>
            </param>
          </params>
          <reporter-output>
          </reporter-output>
        </test-method> <!-- runScenario -->
        <test-method signature="runScenario(io.cucumber.testng.PickleWrapper,io.cucumber.testng.FeatureWrapper)[pri:0, instance:runner.TestRunner@34f22f9d]" started-at="2023-02-08T21:49:50 CST" name="runScenario" description="Runs Cucumber Scenarios" data-provider="scenarios" finished-at="2023-02-08T21:49:51 CST" duration-ms="1463" status="PASS">
          <params>
            <param index="0">
              <value>
                <![CDATA["User navigated to tryEditor page with Run button from Types of Linked List page"]]>
              </value>
            </param>
            <param index="1">
              <value>
                <![CDATA["Linked List page validation dsalgo"]]>
              </value>
            </param>
          </params>
          <reporter-output>
          </reporter-output>
        </test-method> <!-- runScenario -->
        <test-method signature="runScenario(io.cucumber.testng.PickleWrapper,io.cucumber.testng.FeatureWrapper)[pri:0, instance:runner.TestRunner@34f22f9d]" started-at="2023-02-08T21:49:51 CST" name="runScenario" description="Runs Cucumber Scenarios" data-provider="scenarios" finished-at="2023-02-08T21:49:54 CST" duration-ms="2333" status="PASS">
          <params>
            <param index="0">
              <value>
                <![CDATA["User run the code in tryEditor with valid input for Types of Linked List page"]]>
              </value>
            </param>
            <param index="1">
              <value>
                <![CDATA["Linked List page validation dsalgo"]]>
              </value>
            </param>
          </params>
          <reporter-output>
          </reporter-output>
        </test-method> <!-- runScenario -->
        <test-method signature="runScenario(io.cucumber.testng.PickleWrapper,io.cucumber.testng.FeatureWrapper)[pri:0, instance:runner.TestRunner@34f22f9d]" started-at="2023-02-08T21:49:54 CST" name="runScenario" description="Runs Cucumber Scenarios" data-provider="scenarios" finished-at="2023-02-08T21:49:56 CST" duration-ms="2305" status="PASS">
          <params>
            <param index="0">
              <value>
                <![CDATA["The user getting error message with invalid python code for Types of Linked List page"]]>
              </value>
            </param>
            <param index="1">
              <value>
                <![CDATA["Linked List page validation dsalgo"]]>
              </value>
            </param>
          </params>
          <reporter-output>
          </reporter-output>
        </test-method> <!-- runScenario -->
        <test-method signature="runScenario(io.cucumber.testng.PickleWrapper,io.cucumber.testng.FeatureWrapper)[pri:0, instance:runner.TestRunner@34f22f9d]" started-at="2023-02-08T21:49:56 CST" name="runScenario" description="Runs Cucumber Scenarios" data-provider="scenarios" finished-at="2023-02-08T21:49:58 CST" duration-ms="1680" status="PASS">
          <params>
            <param index="0">
              <value>
                <![CDATA["User navigated to "Implementation linked list in python" page"]]>
              </value>
            </param>
            <param index="1">
              <value>
                <![CDATA["Linked List page validation dsalgo"]]>
              </value>
            </param>
          </params>
          <reporter-output>
          </reporter-output>
        </test-method> <!-- runScenario -->
        <test-method signature="runScenario(io.cucumber.testng.PickleWrapper,io.cucumber.testng.FeatureWrapper)[pri:0, instance:runner.TestRunner@34f22f9d]" started-at="2023-02-08T21:49:58 CST" name="runScenario" description="Runs Cucumber Scenarios" data-provider="scenarios" finished-at="2023-02-08T21:49:59 CST" duration-ms="1407" status="PASS">
          <params>
            <param index="0">
              <value>
                <![CDATA["User navigated to tryEditor page with Run button from Implement Linked List in Python page"]]>
              </value>
            </param>
            <param index="1">
              <value>
                <![CDATA["Linked List page validation dsalgo"]]>
              </value>
            </param>
          </params>
          <reporter-output>
          </reporter-output>
        </test-method> <!-- runScenario -->
        <test-method signature="runScenario(io.cucumber.testng.PickleWrapper,io.cucumber.testng.FeatureWrapper)[pri:0, instance:runner.TestRunner@34f22f9d]" started-at="2023-02-08T21:49:59 CST" name="runScenario" description="Runs Cucumber Scenarios" data-provider="scenarios" finished-at="2023-02-08T21:50:01 CST" duration-ms="2419" status="PASS">
          <params>
            <param index="0">
              <value>
                <![CDATA["User run the code in tryEditor with valid input for Implement Linked List in Python page"]]>
              </value>
            </param>
            <param index="1">
              <value>
                <![CDATA["Linked List page validation dsalgo"]]>
              </value>
            </param>
          </params>
          <reporter-output>
          </reporter-output>
        </test-method> <!-- runScenario -->
        <test-method signature="runScenario(io.cucumber.testng.PickleWrapper,io.cucumber.testng.FeatureWrapper)[pri:0, instance:runner.TestRunner@34f22f9d]" started-at="2023-02-08T21:50:01 CST" name="runScenario" description="Runs Cucumber Scenarios" data-provider="scenarios" finished-at="2023-02-08T21:50:04 CST" duration-ms="2326" status="PASS">
          <params>
            <param index="0">
              <value>
                <![CDATA["The user getting error message with invalid python code for Implement Linked List in Python page"]]>
              </value>
            </param>
            <param index="1">
              <value>
                <![CDATA["Linked List page validation dsalgo"]]>
              </value>
            </param>
          </params>
          <reporter-output>
          </reporter-output>
        </test-method> <!-- runScenario -->
        <test-method signature="runScenario(io.cucumber.testng.PickleWrapper,io.cucumber.testng.FeatureWrapper)[pri:0, instance:runner.TestRunner@34f22f9d]" started-at="2023-02-08T21:50:04 CST" name="runScenario" description="Runs Cucumber Scenarios" data-provider="scenarios" finished-at="2023-02-08T21:50:06 CST" duration-ms="2355" status="PASS">
          <params>
            <param index="0">
              <value>
                <![CDATA["User navigated to "Traversal" page"]]>
              </value>
            </param>
            <param index="1">
              <value>
                <![CDATA["Linked List page validation dsalgo"]]>
              </value>
            </param>
          </params>
          <reporter-output>
          </reporter-output>
        </test-method> <!-- runScenario -->
        <test-method signature="runScenario(io.cucumber.testng.PickleWrapper,io.cucumber.testng.FeatureWrapper)[pri:0, instance:runner.TestRunner@34f22f9d]" started-at="2023-02-08T21:50:06 CST" name="runScenario" description="Runs Cucumber Scenarios" data-provider="scenarios" finished-at="2023-02-08T21:50:08 CST" duration-ms="1735" status="PASS">
          <params>
            <param index="0">
              <value>
                <![CDATA["User navigated to tryEditor page with Run button from Traversal page"]]>
              </value>
            </param>
            <param index="1">
              <value>
                <![CDATA["Linked List page validation dsalgo"]]>
              </value>
            </param>
          </params>
          <reporter-output>
          </reporter-output>
        </test-method> <!-- runScenario -->
        <test-method signature="runScenario(io.cucumber.testng.PickleWrapper,io.cucumber.testng.FeatureWrapper)[pri:0, instance:runner.TestRunner@34f22f9d]" started-at="2023-02-08T21:50:08 CST" name="runScenario" description="Runs Cucumber Scenarios" data-provider="scenarios" finished-at="2023-02-08T21:50:10 CST" duration-ms="2346" status="PASS">
          <params>
            <param index="0">
              <value>
                <![CDATA["User run the code in tryEditor with valid input for Traversal page"]]>
              </value>
            </param>
            <param index="1">
              <value>
                <![CDATA["Linked List page validation dsalgo"]]>
              </value>
            </param>
          </params>
          <reporter-output>
          </reporter-output>
        </test-method> <!-- runScenario -->
        <test-method signature="runScenario(io.cucumber.testng.PickleWrapper,io.cucumber.testng.FeatureWrapper)[pri:0, instance:runner.TestRunner@34f22f9d]" started-at="2023-02-08T21:50:10 CST" name="runScenario" description="Runs Cucumber Scenarios" data-provider="scenarios" finished-at="2023-02-08T21:50:13 CST" duration-ms="2287" status="PASS">
          <params>
            <param index="0">
              <value>
                <![CDATA["The user getting error message with invalid python code for Traversal page"]]>
              </value>
            </param>
            <param index="1">
              <value>
                <![CDATA["Linked List page validation dsalgo"]]>
              </value>
            </param>
          </params>
          <reporter-output>
          </reporter-output>
        </test-method> <!-- runScenario -->
        <test-method signature="runScenario(io.cucumber.testng.PickleWrapper,io.cucumber.testng.FeatureWrapper)[pri:0, instance:runner.TestRunner@34f22f9d]" started-at="2023-02-08T21:50:13 CST" name="runScenario" description="Runs Cucumber Scenarios" data-provider="scenarios" finished-at="2023-02-08T21:50:14 CST" duration-ms="1498" status="PASS">
          <params>
            <param index="0">
              <value>
                <![CDATA["User navigated to "Insertion" page"]]>
              </value>
            </param>
            <param index="1">
              <value>
                <![CDATA["Linked List page validation dsalgo"]]>
              </value>
            </param>
          </params>
          <reporter-output>
          </reporter-output>
        </test-method> <!-- runScenario -->
        <test-method signature="runScenario(io.cucumber.testng.PickleWrapper,io.cucumber.testng.FeatureWrapper)[pri:0, instance:runner.TestRunner@34f22f9d]" started-at="2023-02-08T21:50:14 CST" name="runScenario" description="Runs Cucumber Scenarios" data-provider="scenarios" finished-at="2023-02-08T21:50:15 CST" duration-ms="1383" status="PASS">
          <params>
            <param index="0">
              <value>
                <![CDATA["User navigated to tryEditor page with Run button from Insertion page"]]>
              </value>
            </param>
            <param index="1">
              <value>
                <![CDATA["Linked List page validation dsalgo"]]>
              </value>
            </param>
          </params>
          <reporter-output>
          </reporter-output>
        </test-method> <!-- runScenario -->
        <test-method signature="runScenario(io.cucumber.testng.PickleWrapper,io.cucumber.testng.FeatureWrapper)[pri:0, instance:runner.TestRunner@34f22f9d]" started-at="2023-02-08T21:50:15 CST" name="runScenario" description="Runs Cucumber Scenarios" data-provider="scenarios" finished-at="2023-02-08T21:50:18 CST" duration-ms="2356" status="PASS">
          <params>
            <param index="0">
              <value>
                <![CDATA["User run the code in tryEditor with valid input for Insertion page"]]>
              </value>
            </param>
            <param index="1">
              <value>
                <![CDATA["Linked List page validation dsalgo"]]>
              </value>
            </param>
          </params>
          <reporter-output>
          </reporter-output>
        </test-method> <!-- runScenario -->
        <test-method signature="runScenario(io.cucumber.testng.PickleWrapper,io.cucumber.testng.FeatureWrapper)[pri:0, instance:runner.TestRunner@34f22f9d]" started-at="2023-02-08T21:50:18 CST" name="runScenario" description="Runs Cucumber Scenarios" data-provider="scenarios" finished-at="2023-02-08T21:50:20 CST" duration-ms="2321" status="PASS">
          <params>
            <param index="0">
              <value>
                <![CDATA["The user getting error message with invalid python code for Insertion page"]]>
              </value>
            </param>
            <param index="1">
              <value>
                <![CDATA["Linked List page validation dsalgo"]]>
              </value>
            </param>
          </params>
          <reporter-output>
          </reporter-output>
        </test-method> <!-- runScenario -->
        <test-method signature="runScenario(io.cucumber.testng.PickleWrapper,io.cucumber.testng.FeatureWrapper)[pri:0, instance:runner.TestRunner@34f22f9d]" started-at="2023-02-08T21:50:20 CST" name="runScenario" description="Runs Cucumber Scenarios" data-provider="scenarios" finished-at="2023-02-08T21:50:22 CST" duration-ms="1473" status="PASS">
          <params>
            <param index="0">
              <value>
                <![CDATA["User navigated to "Deletion" page"]]>
              </value>
            </param>
            <param index="1">
              <value>
                <![CDATA["Linked List page validation dsalgo"]]>
              </value>
            </param>
          </params>
          <reporter-output>
          </reporter-output>
        </test-method> <!-- runScenario -->
        <test-method signature="runScenario(io.cucumber.testng.PickleWrapper,io.cucumber.testng.FeatureWrapper)[pri:0, instance:runner.TestRunner@34f22f9d]" started-at="2023-02-08T21:50:22 CST" name="runScenario" description="Runs Cucumber Scenarios" data-provider="scenarios" finished-at="2023-02-08T21:50:23 CST" duration-ms="1412" status="PASS">
          <params>
            <param index="0">
              <value>
                <![CDATA["User navigated to tryEditor page with Run button from Deletion page"]]>
              </value>
            </param>
            <param index="1">
              <value>
                <![CDATA["Linked List page validation dsalgo"]]>
              </value>
            </param>
          </params>
          <reporter-output>
          </reporter-output>
        </test-method> <!-- runScenario -->
        <test-method signature="runScenario(io.cucumber.testng.PickleWrapper,io.cucumber.testng.FeatureWrapper)[pri:0, instance:runner.TestRunner@34f22f9d]" started-at="2023-02-08T21:50:23 CST" name="runScenario" description="Runs Cucumber Scenarios" data-provider="scenarios" finished-at="2023-02-08T21:50:25 CST" duration-ms="2415" status="PASS">
          <params>
            <param index="0">
              <value>
                <![CDATA["User run the code in tryEditor with valid input for Deletion page"]]>
              </value>
            </param>
            <param index="1">
              <value>
                <![CDATA["Linked List page validation dsalgo"]]>
              </value>
            </param>
          </params>
          <reporter-output>
          </reporter-output>
        </test-method> <!-- runScenario -->
        <test-method signature="runScenario(io.cucumber.testng.PickleWrapper,io.cucumber.testng.FeatureWrapper)[pri:0, instance:runner.TestRunner@34f22f9d]" started-at="2023-02-08T21:50:25 CST" name="runScenario" description="Runs Cucumber Scenarios" data-provider="scenarios" finished-at="2023-02-08T21:50:28 CST" duration-ms="2334" status="PASS">
          <params>
            <param index="0">
              <value>
                <![CDATA["The user getting error message with invalid python code for Deletion page"]]>
              </value>
            </param>
            <param index="1">
              <value>
                <![CDATA["Linked List page validation dsalgo"]]>
              </value>
            </param>
          </params>
          <reporter-output>
          </reporter-output>
        </test-method> <!-- runScenario -->
        <test-method signature="runScenario(io.cucumber.testng.PickleWrapper,io.cucumber.testng.FeatureWrapper)[pri:0, instance:runner.TestRunner@34f22f9d]" started-at="2023-02-08T21:50:28 CST" name="runScenario" description="Runs Cucumber Scenarios" data-provider="scenarios" finished-at="2023-02-08T21:50:29 CST" duration-ms="1626" status="PASS">
          <params>
            <param index="0">
              <value>
                <![CDATA["The user validating "Practice Questions" page"]]>
              </value>
            </param>
            <param index="1">
              <value>
                <![CDATA["Linked List page validation dsalgo"]]>
              </value>
            </param>
          </params>
          <reporter-output>
          </reporter-output>
        </test-method> <!-- runScenario -->
        <test-method is-config="true" signature="tearDownClass()[pri:0, instance:runner.TestRunner@34f22f9d]" started-at="2023-02-08T21:50:29 CST" name="tearDownClass" finished-at="2023-02-08T21:50:32 CST" duration-ms="2328" status="PASS">
          <reporter-output>
          </reporter-output>
        </test-method> <!-- tearDownClass -->
      </class> <!-- runner.TestRunner -->
    </test> <!-- Default test -->
  </suite> <!-- Default suite -->
</testng-results>
